<!DOCTYPE html>
<html>
<head>
    <meta charset="utf-8">
    <meta name="viewport" content="width=device-width,initial-scale=1,minimum-scale=1,maximum-scale=1,user-scalable=no" />
    <title>借贷咨询服务</title>
    <link rel="stylesheet" href="css/creditInfo.css" />
</head>
<body>
<div class="form-wraper">
    <form action="/setClientsData" method="post" id="form">
        {{ csrf_field() }}
        <ul class="list-wraper">
            <li>
                <input type="text" class="input-text" name="username" value="{{ old('username') }}" placeholder="姓名:"/>
            </li>
            <li>
                <input type="tel" class="input-text" name="telephone" value="{{ old('telephone') }}" placeholder="电话:" />
            </li>
            <li>
                <input type="number" class="input-text" name="total" value="{{ old('total') }}" placeholder="借款金额:"/>
            </li>
            <li style="color: #fff;">
                <label class="loadway">借款方式</label><br />
                <input type="checkbox" name="type[]" value="1" id="gjjd" /><label for="gjjd">公积金贷</label>
                <input type="checkbox" name="type[]" value="2" id="sbd"/><label for="sbd">社保贷</label>
                <input type="checkbox" name="type[]" value="3" id="gzd"/><label for="gzd">工资贷</label><br />
                <input type="checkbox" name="type[]" value="4" id="fcd"/><label for="fcd">房车贷</label>
                <input type="checkbox" name="type[]" value="5" id="syd"/><label for="syd">生意贷</label>
            </li>
            <li>
                <input type="button" id="submitBtn" value="确认咨询"/>
                <p id="SubBtnInfo">温馨提示:稍后会有客服人员与您联系</p>
            </li>
            <p class="info"><span class="info-mark">*&nbsp;</span>人民银行征信免费查询</p>
            <p class="info"><span class="info-mark">*&nbsp;</span>借贷咨询服务认准正规机构</p>
        </ul>
    </form>
</div>
</body>
<script type="text/javascript">
    var submitBtn=document.getElementById("submitBtn");
    var SubBtnInfo=document.getElementById("SubBtnInfo");
    var form = document.getElementById('form');
    submitBtn.onmouseup=function(){
        submitBtn.value="已发送";
//			SubBtnInfo.style.display="block";
        SubBtnInfo.style.opacity="1";
        form.submit();
    }
</script>
</html>